#
# A fatal error has been detected by the Java Runtime Environment:
#
#  EXCEPTION_UNCAUGHT_CXX_EXCEPTION (0xe06d7363) at pc=0x00007ffd112d9159, pid=12036, tid=0x000000000000339c
#
# JRE version: Java(TM) SE Runtime Environment (8.0_131-b11) (build 1.8.0_131-b11)
# Java VM: Java HotSpot(TM) 64-Bit Server VM (25.131-b11 mixed mode windows-amd64 compressed oops)
# Problematic frame:
# C  [KERNELBASE.dll+0x39159]
#
# Failed to write core dump. Minidumps are not enabled by default on client versions of Windows
#
# If you would like to submit a bug report, please visit:
#   http://bugreport.java.com/bugreport/crash.jsp
# The crash happened outside the Java Virtual Machine in native code.
# See problematic frame for where to report the bug.
#

---------------  T H R E A D  ---------------

Current thread (0x00000000026f4000):  JavaThread "main" [_thread_in_native, id=13212, stack(0x0000000002350000,0x0000000002450000)]

siginfo: ExceptionCode=0xe06d7363, ExceptionInformation=0x0000000019930520 0x000000000244e860 0x00007ffcf5c0c068 0x00007ffcf5b80000 

Registers:
RAX=0x00000000009bb24c, RBX=0x0000000000255186, RCX=0x00000000000003ff, RDX=0x00000000fc0003ff
RSP=0x000000000244e6e0, RBP=0x000000000244e820, RSI=0x00007ffcf5c0c068, RDI=0x000000000025515f
R8 =0x0000000000000000, R9 =0x00000000009bb1d0, R10=0x00000000f30008fb, R11=0x00000008741d0000
R12=0x000000092659aca0, R13=0x000000092659ac8e, R14=0x000000000244e860, R15=0x0000000848dd7580
RIP=0x00007ffd112d9159, EFLAGS=0x0000000000000202

Top of Stack: (sp=0x000000000244e6e0)
0x000000000244e6e0:   0000000802000002 0000000000255186
0x000000000244e6f0:   00007ffcf5c0c068 000000000025515f
0x000000000244e700:   00000001e06d7363 0000000000000000
0x000000000244e710:   00007ffd112d9159 0000000000000004
0x000000000244e720:   0000000019930520 000000000244e860
0x000000000244e730:   00007ffcf5c0c068 00007ffcf5b80000
0x000000000244e740:   000000092659ac8e 000000092659aca0
0x000000000244e750:   000000000025515f 00007ffcf5c0c068
0x000000000244e760:   000000000244e820 00007ffd14e748bf
0x000000000244e770:   000000000244e840 0000000000000000
0x000000000244e780:   0000000000255186 00000000002551c8
0x000000000244e790:   00007ffcf5c15000 00007ffcf5b80000
0x000000000244e7a0:   0000d1c66ce6b4eb 00007ffd14e59870
0x000000000244e7b0:   0000000000255186 00007ffcf5bbec9a
0x000000000244e7c0:   000000000025515f 00007ffcf5bc9524
0x000000000244e7d0:   000000000000000a 000000000244ec30 

Instructions: (pc=0x00007ffd112d9159)
0x00007ffd112d9139:   8b d1 44 0f 47 c0 44 89 44 24 38 49 c1 e0 03 e8
0x00007ffd112d9149:   aa 1d 05 00 48 8d 4c 24 20 48 ff 15 0f 22 16 00
0x00007ffd112d9159:   0f 1f 44 00 00 48 8b 8c 24 c0 00 00 00 48 33 cc
0x00007ffd112d9169:   e8 52 e8 04 00 48 81 c4 d8 00 00 00 c3 83 64 24 


Register to memory mapping:

RAX=0x00000000009bb24c is an unknown value
RBX=0x0000000000255186 is an unknown value
RCX=0x00000000000003ff is an unknown value
RDX=0x00000000fc0003ff is an unknown value
RSP=0x000000000244e6e0 is pointing into the stack for thread: 0x00000000026f4000
RBP=0x000000000244e820 is pointing into the stack for thread: 0x00000000026f4000
RSI=0x00007ffcf5c0c068 is an unknown value
RDI=0x000000000025515f is an unknown value
R8 =0x0000000000000000 is an unknown value
R9 =0x00000000009bb1d0 is an unknown value
R10=0x00000000f30008fb is an unknown value
R11=0x00000008741d0000 is an unknown value
R12=0x000000092659aca0 is an unknown value
R13=0x000000092659ac8e is an unknown value
R14=0x000000000244e860 is pointing into the stack for thread: 0x00000000026f4000
R15=0x0000000848dd7580 is an unknown value


Stack: [0x0000000002350000,0x0000000002450000],  sp=0x000000000244e6e0,  free space=1017k
Native frames: (J=compiled Java code, j=interpreted, Vv=VM code, C=native code)
C  [KERNELBASE.dll+0x39159]
C  [morphodita_java.dll+0x3ec9a]
C  [morphodita_java.dll+0x3a6a7]
C  [morphodita_java.dll+0x3bd1d]
C  [morphodita_java.dll+0x1065d]
C  [morphodita_java.dll+0x102aa]
C  [morphodita_java.dll+0xecc2]
C  [morphodita_java.dll+0x10112]
C  [morphodita_java.dll+0x246ec]
C  [morphodita_java.dll+0x27a6d]
C  [morphodita_java.dll+0x27c8e]
C  [morphodita_java.dll+0xa880]
C  0x000000000281100c

Java frames: (J=compiled Java code, j=interpreted, Vv=VM code)
j  cz.cuni.mff.ufal.morphodita.morphodita_javaJNI.Tagger_load(Ljava/lang/String;)J+0
J 3346 C1 analyzer.Analyzer.analyzeString(Ljava/lang/String;)Ljava/util/List; (259 bytes) @ 0x0000000003292a14 [0x0000000003292960+0xb4]
j  App.main([Ljava/lang/String;)V+74
v  ~StubRoutines::call_stub

---------------  P R O C E S S  ---------------

Java Threads: ( => current thread )
  0x000000001ee7f000 JavaThread "C3P0PooledConnectionPoolManager[identityToken->1hge0yva8m1puojs21b11|4215838f]-HelperThread-#2" daemon [_thread_blocked, id=4092, stack(0x0000000020b20000,0x0000000020c20000)]
  0x000000001ee7e000 JavaThread "C3P0PooledConnectionPoolManager[identityToken->1hge0yva8m1puojs21b11|4215838f]-HelperThread-#1" daemon [_thread_blocked, id=16280, stack(0x0000000020a20000,0x0000000020b20000)]
  0x000000001ee7d800 JavaThread "C3P0PooledConnectionPoolManager[identityToken->1hge0yva8m1puojs21b11|4215838f]-HelperThread-#0" daemon [_thread_blocked, id=15836, stack(0x0000000020920000,0x0000000020a20000)]
  0x000000001ee7c800 JavaThread "C3P0PooledConnectionPoolManager[identityToken->1hge0yva8m1puojs21b11|4215838f]-AdminTaskTimer" daemon [_thread_blocked, id=4696, stack(0x0000000020820000,0x0000000020920000)]
  0x000000001ed9a800 JavaThread "mysql-cj-abandoned-connection-cleanup" daemon [_thread_blocked, id=13108, stack(0x0000000020380000,0x0000000020480000)]
  0x000000001da5e800 JavaThread "Service Thread" daemon [_thread_blocked, id=7536, stack(0x000000001de70000,0x000000001df70000)]
  0x000000001d960000 JavaThread "C1 CompilerThread2" daemon [_thread_blocked, id=16948, stack(0x000000001dd70000,0x000000001de70000)]
  0x000000001d95f000 JavaThread "C2 CompilerThread1" daemon [_thread_blocked, id=716, stack(0x000000001dc70000,0x000000001dd70000)]
  0x000000001d95c800 JavaThread "C2 CompilerThread0" daemon [_thread_blocked, id=5936, stack(0x000000001db70000,0x000000001dc70000)]
  0x000000001be33800 JavaThread "JDWP Command Reader" daemon [_thread_in_native, id=9088, stack(0x000000001d670000,0x000000001d770000)]
  0x000000001be2c800 JavaThread "JDWP Event Helper Thread" daemon [_thread_blocked, id=10264, stack(0x000000001d570000,0x000000001d670000)]
  0x000000001be1e800 JavaThread "JDWP Transport Listener: dt_socket" daemon [_thread_blocked, id=13308, stack(0x000000001d470000,0x000000001d570000)]
  0x000000001be1a000 JavaThread "Attach Listener" daemon [_thread_blocked, id=16188, stack(0x000000001d370000,0x000000001d470000)]
  0x000000001be19000 JavaThread "Signal Dispatcher" daemon [_thread_blocked, id=16092, stack(0x000000001d270000,0x000000001d370000)]
  0x00000000027e8800 JavaThread "Finalizer" daemon [_thread_blocked, id=6780, stack(0x000000001d070000,0x000000001d170000)]
  0x000000001bdd9000 JavaThread "Reference Handler" daemon [_thread_blocked, id=560, stack(0x000000001cf70000,0x000000001d070000)]
=>0x00000000026f4000 JavaThread "main" [_thread_in_native, id=13212, stack(0x0000000002350000,0x0000000002450000)]

Other Threads:
  0x000000001bdd7800 VMThread [stack: 0x000000001ce70000,0x000000001cf70000] [id=10700]
  0x000000001daa7800 WatcherThread [stack: 0x000000001df70000,0x000000001e070000] [id=14920]

VM state:not at safepoint (normal execution)

VM Mutex/Monitor currently owned by a thread: None

Heap:
 PSYoungGen      total 140800K, used 54723K [0x000000076b100000, 0x0000000776580000, 0x00000007c0000000)
  eden space 130048K, 42% used [0x000000076b100000,0x000000076e670c98,0x0000000773000000)
  from space 10752K, 0% used [0x0000000773000000,0x0000000773000000,0x0000000773a80000)
  to   space 12800K, 0% used [0x0000000775900000,0x0000000775900000,0x0000000776580000)
 ParOldGen       total 134144K, used 14280K [0x00000006c1200000, 0x00000006c9500000, 0x000000076b100000)
  object space 134144K, 10% used [0x00000006c1200000,0x00000006c1ff2028,0x00000006c9500000)
 Metaspace       used 35494K, capacity 35992K, committed 36184K, reserved 1081344K
  class space    used 4585K, capacity 4726K, committed 4736K, reserved 1048576K

Card table byte_map: [0x0000000011bb0000,0x00000000123b0000] byte_map_base: 0x000000000e5a7000

Marking Bits: (ParMarkBitMap*) 0x0000000050eec720
 Begin Bits: [0x0000000012d00000, 0x0000000016cb8000)
 End Bits:   [0x0000000016cb8000, 0x000000001ac70000)

Polling page: 0x0000000000950000

CodeCache: size=245760Kb used=10906Kb max_used=10917Kb free=234853Kb
 bounds [0x00000000027f0000, 0x00000000032a0000, 0x00000000117f0000]
 total_blobs=3912 nmethods=3349 adapters=482
 compilation: enabled

Compilation events (10 events):
Event: 201.886 Thread 0x000000001d960000 3344       3       java.net.URLClassLoader$2::<init> (15 bytes)
Event: 201.886 Thread 0x000000001d960000 nmethod 3344 0x000000000328f650 code [0x000000000328f7a0, 0x000000000328f990]
Event: 226.878 Thread 0x000000001d960000 3345   !   3       sun.misc.URLClassPath::check (123 bytes)
Event: 226.903 Thread 0x000000001d960000 nmethod 3345 0x000000000328fa50 code [0x000000000328fd20, 0x0000000003291608]
Event: 245.090 Thread 0x000000001d960000 3346       3       analyzer.Analyzer::analyzeString (259 bytes)
Event: 245.143 Thread 0x000000001d960000 nmethod 3346 0x00000000032921d0 code [0x0000000003292960, 0x0000000003297398]
Event: 254.955 Thread 0x000000001d95f000 3348       4       java.util.Arrays::copyOf (46 bytes)
Event: 254.986 Thread 0x000000001d95f000 nmethod 3348 0x000000000329e750 code [0x000000000329e8a0, 0x000000000329ed58]
Event: 287.423 Thread 0x000000001d960000 3349       1       entity.ProjevEntity::getText (5 bytes)
Event: 287.427 Thread 0x000000001d960000 nmethod 3349 0x000000000329e490 code [0x000000000329e5e0, 0x000000000329e6f0]

GC Heap History (10 events):
Event: 2.428 GC heap before
{Heap before GC invocations=3 (full 0):
 PSYoungGen      total 76288K, used 15229K [0x000000076b100000, 0x0000000770600000, 0x00000007c0000000)
  eden space 65536K, 10% used [0x000000076b100000,0x000000076b786a20,0x000000076f100000)
  from space 10752K, 79% used [0x000000076fb80000,0x00000007703d8d38,0x0000000770600000)
  to   space 10752K, 0% used [0x000000076f100000,0x000000076f100000,0x000000076fb80000)
 ParOldGen       total 175104K, used 80K [0x00000006c1200000, 0x00000006cbd00000, 0x000000076b100000)
  object space 175104K, 0% used [0x00000006c1200000,0x00000006c1214010,0x00000006cbd00000)
 Metaspace       used 20831K, capacity 21058K, committed 21248K, reserved 1067008K
  class space    used 2672K, capacity 2741K, committed 2816K, reserved 1048576K
Event: 2.434 GC heap after
Heap after GC invocations=3 (full 0):
 PSYoungGen      total 76288K, used 4997K [0x000000076b100000, 0x0000000774600000, 0x00000007c0000000)
  eden space 65536K, 0% used [0x000000076b100000,0x000000076b100000,0x000000076f100000)
  from space 10752K, 46% used [0x000000076f100000,0x000000076f5e1620,0x000000076fb80000)
  to   space 10752K, 0% used [0x0000000773b80000,0x0000000773b80000,0x0000000774600000)
 ParOldGen       total 175104K, used 88K [0x00000006c1200000, 0x00000006cbd00000, 0x000000076b100000)
  object space 175104K, 0% used [0x00000006c1200000,0x00000006c1216010,0x00000006cbd00000)
 Metaspace       used 20831K, capacity 21058K, committed 21248K, reserved 1067008K
  class space    used 2672K, capacity 2741K, committed 2816K, reserved 1048576K
}
Event: 2.434 GC heap before
{Heap before GC invocations=4 (full 1):
 PSYoungGen      total 76288K, used 4997K [0x000000076b100000, 0x0000000774600000, 0x00000007c0000000)
  eden space 65536K, 0% used [0x000000076b100000,0x000000076b100000,0x000000076f100000)
  from space 10752K, 46% used [0x000000076f100000,0x000000076f5e1620,0x000000076fb80000)
  to   space 10752K, 0% used [0x0000000773b80000,0x0000000773b80000,0x0000000774600000)
 ParOldGen       total 175104K, used 88K [0x00000006c1200000, 0x00000006cbd00000, 0x000000076b100000)
  object space 175104K, 0% used [0x00000006c1200000,0x00000006c1216010,0x00000006cbd00000)
 Metaspace       used 20831K, capacity 21058K, committed 21248K, reserved 1067008K
  class space    used 2672K, capacity 2741K, committed 2816K, reserved 1048576K
Event: 2.464 GC heap after
Heap after GC invocations=4 (full 1):
 PSYoungGen      total 76288K, used 0K [0x000000076b100000, 0x0000000774600000, 0x00000007c0000000)
  eden space 65536K, 0% used [0x000000076b100000,0x000000076b100000,0x000000076f100000)
  from space 10752K, 0% used [0x000000076f100000,0x000000076f100000,0x000000076fb80000)
  to   space 10752K, 0% used [0x0000000773b80000,0x0000000773b80000,0x0000000774600000)
 ParOldGen       total 94208K, used 5022K [0x00000006c1200000, 0x00000006c6e00000, 0x000000076b100000)
  object space 94208K, 5% used [0x00000006c1200000,0x00000006c16e7a28,0x00000006c6e00000)
 Metaspace       used 20831K, capacity 21058K, committed 21248K, reserved 1067008K
  class space    used 2672K, capacity 2741K, committed 2816K, reserved 1048576K
}
Event: 4.262 GC heap before
{Heap before GC invocations=5 (full 1):
 PSYoungGen      total 76288K, used 65536K [0x000000076b100000, 0x0000000774600000, 0x00000007c0000000)
  eden space 65536K, 100% used [0x000000076b100000,0x000000076f100000,0x000000076f100000)
  from space 10752K, 0% used [0x000000076f100000,0x000000076f100000,0x000000076fb80000)
  to   space 10752K, 0% used [0x0000000773b80000,0x0000000773b80000,0x0000000774600000)
 ParOldGen       total 94208K, used 5022K [0x00000006c1200000, 0x00000006c6e00000, 0x000000076b100000)
  object space 94208K, 5% used [0x00000006c1200000,0x00000006c16e7a28,0x00000006c6e00000)
 Metaspace       used 28482K, capacity 28884K, committed 29184K, reserved 1075200K
  class space    used 3618K, capacity 3756K, committed 3840K, reserved 1048576K
Event: 4.270 GC heap after
Heap after GC invocations=5 (full 1):
 PSYoungGen      total 114176K, used 9658K [0x000000076b100000, 0x0000000774500000, 0x00000007c0000000)
  eden space 104448K, 0% used [0x000000076b100000,0x000000076b100000,0x0000000771700000)
  from space 9728K, 99% used [0x0000000773b80000,0x00000007744eeb60,0x0000000774500000)
  to   space 10752K, 0% used [0x0000000773000000,0x0000000773000000,0x0000000773a80000)
 ParOldGen       total 94208K, used 5030K [0x00000006c1200000, 0x00000006c6e00000, 0x000000076b100000)
  object space 94208K, 5% used [0x00000006c1200000,0x00000006c16e9a28,0x00000006c6e00000)
 Metaspace       used 28482K, capacity 28884K, committed 29184K, reserved 1075200K
  class space    used 3618K, capacity 3756K, committed 3840K, reserved 1048576K
}
Event: 38.694 GC heap before
{Heap before GC invocations=6 (full 1):
 PSYoungGen      total 114176K, used 70528K [0x000000076b100000, 0x0000000774500000, 0x00000007c0000000)
  eden space 104448K, 58% used [0x000000076b100000,0x000000076ec716f0,0x0000000771700000)
  from space 9728K, 99% used [0x0000000773b80000,0x00000007744eeb60,0x0000000774500000)
  to   space 10752K, 0% used [0x0000000773000000,0x0000000773000000,0x0000000773a80000)
 ParOldGen       total 94208K, used 5030K [0x00000006c1200000, 0x00000006c6e00000, 0x000000076b100000)
  object space 94208K, 5% used [0x00000006c1200000,0x00000006c16e9a28,0x00000006c6e00000)
 Metaspace       used 34741K, capacity 35130K, committed 35416K, reserved 1079296K
  class space    used 4535K, capacity 4647K, committed 4736K, reserved 1048576K
Event: 38.701 GC heap after
Heap after GC invocations=6 (full 1):
 PSYoungGen      total 140800K, used 10253K [0x000000076b100000, 0x0000000776580000, 0x00000007c0000000)
  eden space 130048K, 0% used [0x000000076b100000,0x000000076b100000,0x0000000773000000)
  from space 10752K, 95% used [0x0000000773000000,0x0000000773a037d0,0x0000000773a80000)
  to   space 12800K, 0% used [0x0000000775900000,0x0000000775900000,0x0000000776580000)
 ParOldGen       total 94208K, used 5038K [0x00000006c1200000, 0x00000006c6e00000, 0x000000076b100000)
  object space 94208K, 5% used [0x00000006c1200000,0x00000006c16eba28,0x00000006c6e00000)
 Metaspace       used 34741K, capacity 35130K, committed 35416K, reserved 1079296K
  class space    used 4535K, capacity 4647K, committed 4736K, reserved 1048576K
}
Event: 38.701 GC heap before
{Heap before GC invocations=7 (full 2):
 PSYoungGen      total 140800K, used 10253K [0x000000076b100000, 0x0000000776580000, 0x00000007c0000000)
  eden space 130048K, 0% used [0x000000076b100000,0x000000076b100000,0x0000000773000000)
  from space 10752K, 95% used [0x0000000773000000,0x0000000773a037d0,0x0000000773a80000)
  to   space 12800K, 0% used [0x0000000775900000,0x0000000775900000,0x0000000776580000)
 ParOldGen       total 94208K, used 5038K [0x00000006c1200000, 0x00000006c6e00000, 0x000000076b100000)
  object space 94208K, 5% used [0x00000006c1200000,0x00000006c16eba28,0x00000006c6e00000)
 Metaspace       used 34741K, capacity 35130K, committed 35416K, reserved 1079296K
  class space    used 4535K, capacity 4647K, committed 4736K, reserved 1048576K
Event: 38.750 GC heap after
Heap after GC invocations=7 (full 2):
 PSYoungGen      total 140800K, used 0K [0x000000076b100000, 0x0000000776580000, 0x00000007c0000000)
  eden space 130048K, 0% used [0x000000076b100000,0x000000076b100000,0x0000000773000000)
  from space 10752K, 0% used [0x0000000773000000,0x0000000773000000,0x0000000773a80000)
  to   space 12800K, 0% used [0x0000000775900000,0x0000000775900000,0x0000000776580000)
 ParOldGen       total 134144K, used 14280K [0x00000006c1200000, 0x00000006c9500000, 0x000000076b100000)
  object space 134144K, 10% used [0x00000006c1200000,0x00000006c1ff2028,0x00000006c9500000)
 Metaspace       used 34721K, capacity 35092K, committed 35416K, reserved 1079296K
  class space    used 4529K, capacity 4636K, committed 4736K, reserved 1048576K
}

Deoptimization events (10 events):
Event: 3.147 Thread 0x000000001ee7e000 Uncommon trap: reason=class_check action=maybe_recompile pc=0x0000000002bb8f0c method=java.util.concurrent.ConcurrentHashMap.putVal(Ljava/lang/Object;Ljava/lang/Object;Z)Ljava/lang/Object; @ 192
Event: 3.217 Thread 0x000000001ee7e000 Uncommon trap: reason=class_check action=maybe_recompile pc=0x0000000002cb6c10 method=java.util.TreeMap.getEntry(Ljava/lang/Object;)Ljava/util/TreeMap$Entry; @ 26
Event: 3.217 Thread 0x000000001ee7d800 Uncommon trap: reason=class_check action=maybe_recompile pc=0x0000000002cb6c10 method=java.util.TreeMap.getEntry(Ljava/lang/Object;)Ljava/util/TreeMap$Entry; @ 26
Event: 3.221 Thread 0x000000001ee7e000 Uncommon trap: reason=class_check action=maybe_recompile pc=0x0000000002cb6c10 method=java.util.TreeMap.getEntry(Ljava/lang/Object;)Ljava/util/TreeMap$Entry; @ 26
Event: 3.221 Thread 0x000000001ee7d800 Uncommon trap: reason=class_check action=maybe_recompile pc=0x0000000002cb6c10 method=java.util.TreeMap.getEntry(Ljava/lang/Object;)Ljava/util/TreeMap$Entry; @ 26
Event: 4.076 Thread 0x00000000026f4000 Uncommon trap: reason=range_check action=make_not_entrant pc=0x0000000002e526d0 method=sun.reflect.generics.parser.SignatureParser.current()C @ 34
Event: 4.496 Thread 0x00000000026f4000 Uncommon trap: reason=unstable_if action=reinterpret pc=0x0000000002dcd7e0 method=java.util.HashMap$HashIterator.<init>(Ljava/util/HashMap;)V @ 45
Event: 39.819 Thread 0x00000000026f4000 Uncommon trap: reason=unstable_if action=reinterpret pc=0x00000000029574bc method=sun.nio.cs.UTF_8$Decoder.decode([BII[C)I @ 30
Event: 39.819 Thread 0x00000000026f4000 Uncommon trap: reason=unstable_if action=reinterpret pc=0x000000000307e050 method=java.lang.StringCoding.safeTrim([CILjava/nio/charset/Charset;Z)[C @ 3
Event: 39.980 Thread 0x00000000026f4000 Uncommon trap: reason=unstable_if action=reinterpret pc=0x0000000003010718 method=java.net.URLClassLoader.definePackageInternal(Ljava/lang/String;Ljava/util/jar/Manifest;Ljava/net/URL;)V @ 11

Internal exceptions (10 events):
Event: 2.190 Thread 0x00000000026f4000 Exception <a 'java/lang/ClassNotFoundException': com/mchange/v2/c3p0/impl/IdentityTokenResolvableCustomizer> (0x000000076eb0ace0) thrown at [C:\re\workspace\8-2-build-windows-amd64-cygwin\jdk8u131\8869\hotspot\src\share\vm\classfile\systemDictionary.cpp, 
Event: 2.191 Thread 0x00000000026f4000 Exception <a 'java/lang/ClassNotFoundException': com/mchange/v2/c3p0/impl/WrapperConnectionPoolDataSourceBaseCustomizer> (0x000000076eb1c6f8) thrown at [C:\re\workspace\8-2-build-windows-amd64-cygwin\jdk8u131\8869\hotspot\src\share\vm\classfile\systemDict
Event: 2.193 Thread 0x00000000026f4000 Exception <a 'java/lang/ClassNotFoundException': com/mchange/v2/c3p0/WrapperConnectionPoolDataSourceCustomizer> (0x000000076eb9e598) thrown at [C:\re\workspace\8-2-build-windows-amd64-cygwin\jdk8u131\8869\hotspot\src\share\vm\classfile\systemDictionary.cp
Event: 2.196 Thread 0x00000000026f4000 Exception <a 'java/lang/ClassNotFoundException': com/mchange/v2/c3p0/DriverManagerDataSourceBeanInfo> (0x000000076ebbdbf0) thrown at [C:\re\workspace\8-2-build-windows-amd64-cygwin\jdk8u131\8869\hotspot\src\share\vm\classfile\systemDictionary.cpp, line 21
Event: 2.197 Thread 0x00000000026f4000 Exception <a 'java/lang/ClassNotFoundException': com/mchange/v2/c3p0/impl/DriverManagerDataSourceBaseBeanInfo> (0x000000076ebcc6f0) thrown at [C:\re\workspace\8-2-build-windows-amd64-cygwin\jdk8u131\8869\hotspot\src\share\vm\classfile\systemDictionary.cpp
Event: 2.197 Thread 0x00000000026f4000 Exception <a 'java/lang/ClassNotFoundException': com/mchange/v2/c3p0/impl/DriverManagerDataSourceBaseCustomizer> (0x000000076ebdb548) thrown at [C:\re\workspace\8-2-build-windows-amd64-cygwin\jdk8u131\8869\hotspot\src\share\vm\classfile\systemDictionary.c
Event: 2.198 Thread 0x00000000026f4000 Exception <a 'java/lang/ClassNotFoundException': com/mchange/v2/c3p0/DriverManagerDataSourceCustomizer> (0x000000076ec03e88) thrown at [C:\re\workspace\8-2-build-windows-amd64-cygwin\jdk8u131\8869\hotspot\src\share\vm\classfile\systemDictionary.cpp, line 
Event: 4.076 Thread 0x00000000026f4000 Exception <a 'java/lang/ArrayIndexOutOfBoundsException': 49> (0x000000076e03e7c8) thrown at [C:\re\workspace\8-2-build-windows-amd64-cygwin\jdk8u131\8869\hotspot\src\share\vm\interpreter\interpreterRuntime.cpp, line 366]
Event: 4.076 Thread 0x00000000026f4000 Exception <a 'java/lang/ArrayIndexOutOfBoundsException': 65> (0x000000076e03f7f8) thrown at [C:\re\workspace\8-2-build-windows-amd64-cygwin\jdk8u131\8869\hotspot\src\share\vm\interpreter\interpreterRuntime.cpp, line 366]
Event: 4.077 Thread 0x00000000026f4000 Exception <a 'java/lang/ArrayIndexOutOfBoundsException': 50> (0x000000076e041180) thrown at [C:\re\workspace\8-2-build-windows-amd64-cygwin\jdk8u131\8869\hotspot\src\share\vm\interpreter\interpreterRuntime.cpp, line 366]

Events (10 events):
Event: 41.773 Thread 0x00000000026f4000 DEOPT PACKING pc=0x0000000002e67f68 sp=0x000000000244df20
Event: 41.773 Thread 0x00000000026f4000 DEOPT UNPACKING pc=0x000000000283787f sp=0x000000000244dbf0 mode 1
Event: 41.774 loading class cz/cuni/mff/ufal/morphodita/TaggedLemma
Event: 41.774 loading class cz/cuni/mff/ufal/morphodita/TaggedLemma done
Event: 41.774 Thread 0x00000000026f4000 DEOPT PACKING pc=0x0000000002e67f68 sp=0x000000000244df20
Event: 41.774 Thread 0x00000000026f4000 DEOPT UNPACKING pc=0x000000000283787f sp=0x000000000244dbf0 mode 1
Event: 41.774 loading class cz/cuni/mff/ufal/morphodita/TokenRange
Event: 41.774 loading class cz/cuni/mff/ufal/morphodita/TokenRange done
Event: 41.774 Thread 0x00000000026f4000 DEOPT PACKING pc=0x0000000002e67f68 sp=0x000000000244df20
Event: 41.774 Thread 0x00000000026f4000 DEOPT UNPACKING pc=0x000000000283787f sp=0x000000000244dbf0 mode 1


Dynamic libraries:
0x00007ff7cf070000 - 0x00007ff7cf0a7000 	C:\Program Files\Java\jdk1.8.0_131\bin\java.exe
0x00007ffd14e00000 - 0x00007ffd14fed000 	C:\WINDOWS\SYSTEM32\ntdll.dll
0x00007ffd13ef0000 - 0x00007ffd13fa3000 	C:\WINDOWS\System32\KERNEL32.DLL
0x00007ffd112a0000 - 0x00007ffd11533000 	C:\WINDOWS\System32\KERNELBASE.dll
0x00007ffd14680000 - 0x00007ffd14723000 	C:\WINDOWS\System32\ADVAPI32.dll
0x00007ffd13fb0000 - 0x00007ffd1404e000 	C:\WINDOWS\System32\msvcrt.dll
0x00007ffd145e0000 - 0x00007ffd1467e000 	C:\WINDOWS\System32\sechost.dll
0x00007ffd14ca0000 - 0x00007ffd14dc2000 	C:\WINDOWS\System32\RPCRT4.dll
0x00007ffd12700000 - 0x00007ffd12897000 	C:\WINDOWS\System32\USER32.dll
0x00007ffd11e90000 - 0x00007ffd11eb0000 	C:\WINDOWS\System32\win32u.dll
0x00007ffd124a0000 - 0x00007ffd124c9000 	C:\WINDOWS\System32\GDI32.dll
0x00007ffd11c90000 - 0x00007ffd11e29000 	C:\WINDOWS\System32\gdi32full.dll
0x00007ffd11f80000 - 0x00007ffd12020000 	C:\WINDOWS\System32\msvcp_win.dll
0x00007ffd10ec0000 - 0x00007ffd10fba000 	C:\WINDOWS\System32\ucrtbase.dll
0x00007ffcffbc0000 - 0x00007ffcffe39000 	C:\WINDOWS\WinSxS\amd64_microsoft.windows.common-controls_6595b64144ccf1df_6.0.17763.1039_none_de701650534c7021\COMCTL32.dll
0x00007ffd142b0000 - 0x00007ffd145dc000 	C:\WINDOWS\System32\combase.dll
0x00007ffd11eb0000 - 0x00007ffd11f2e000 	C:\WINDOWS\System32\bcryptPrimitives.dll
0x00007ffd14c60000 - 0x00007ffd14c8e000 	C:\WINDOWS\System32\IMM32.DLL
0x0000000050f70000 - 0x0000000051042000 	C:\Program Files\Java\jdk1.8.0_131\jre\bin\msvcr100.dll
0x00000000506d0000 - 0x0000000050f6c000 	C:\Program Files\Java\jdk1.8.0_131\jre\bin\server\jvm.dll
0x00007ffd13ee0000 - 0x00007ffd13ee8000 	C:\WINDOWS\System32\PSAPI.DLL
0x00007ffcffe40000 - 0x00007ffcffe49000 	C:\WINDOWS\SYSTEM32\WSOCK32.dll
0x00007ffd124d0000 - 0x00007ffd1253d000 	C:\WINDOWS\System32\WS2_32.dll
0x00007ffd07260000 - 0x00007ffd07284000 	C:\WINDOWS\SYSTEM32\WINMM.dll
0x00007ffd0cda0000 - 0x00007ffd0cdaa000 	C:\WINDOWS\SYSTEM32\VERSION.dll
0x00007ffd07230000 - 0x00007ffd0725d000 	C:\WINDOWS\SYSTEM32\WINMMBASE.dll
0x00007ffd11f30000 - 0x00007ffd11f7a000 	C:\WINDOWS\System32\cfgmgr32.dll
0x00000000506c0000 - 0x00000000506cf000 	C:\Program Files\Java\jdk1.8.0_131\jre\bin\verify.dll
0x0000000050690000 - 0x00000000506b9000 	C:\Program Files\Java\jdk1.8.0_131\jre\bin\java.dll
0x0000000050630000 - 0x0000000050665000 	C:\Program Files\Java\jdk1.8.0_131\jre\bin\jdwp.dll
0x0000000050620000 - 0x0000000050628000 	C:\Program Files\Java\jdk1.8.0_131\jre\bin\npt.dll
0x00000000505f0000 - 0x0000000050613000 	C:\Program Files\Java\jdk1.8.0_131\jre\bin\instrument.dll
0x0000000050670000 - 0x0000000050686000 	C:\Program Files\Java\jdk1.8.0_131\jre\bin\zip.dll
0x00007ffd128a0000 - 0x00007ffd13d94000 	C:\WINDOWS\System32\SHELL32.dll
0x00007ffd14bb0000 - 0x00007ffd14c58000 	C:\WINDOWS\System32\shcore.dll
0x00007ffd11540000 - 0x00007ffd11c8d000 	C:\WINDOWS\System32\windows.storage.dll
0x00007ffd10e90000 - 0x00007ffd10eb4000 	C:\WINDOWS\System32\profapi.dll
0x00007ffd10e30000 - 0x00007ffd10e8d000 	C:\WINDOWS\System32\powrprof.dll
0x00007ffd13e80000 - 0x00007ffd13ed2000 	C:\WINDOWS\System32\shlwapi.dll
0x00007ffd10e10000 - 0x00007ffd10e21000 	C:\WINDOWS\System32\kernel.appcore.dll
0x00007ffd11250000 - 0x00007ffd11267000 	C:\WINDOWS\System32\cryptsp.dll
0x00000000505e0000 - 0x00000000505e9000 	C:\Program Files\Java\jdk1.8.0_131\jre\bin\dt_socket.dll
0x00007ffd10660000 - 0x00007ffd106c7000 	C:\WINDOWS\system32\mswsock.dll
0x00007ffd101e0000 - 0x00007ffd10213000 	C:\WINDOWS\system32\rsaenh.dll
0x00007ffd11270000 - 0x00007ffd11296000 	C:\WINDOWS\System32\bcrypt.dll
0x00007ffd10d20000 - 0x00007ffd10d48000 	C:\WINDOWS\SYSTEM32\USERENV.dll
0x00007ffd10830000 - 0x00007ffd1083c000 	C:\WINDOWS\SYSTEM32\CRYPTBASE.dll
0x00000000505c0000 - 0x00000000505da000 	C:\Program Files\Java\jdk1.8.0_131\jre\bin\net.dll
0x00007ffd10380000 - 0x00007ffd103bd000 	C:\WINDOWS\SYSTEM32\IPHLPAPI.DLL
0x00007ffd14c90000 - 0x00007ffd14c98000 	C:\WINDOWS\System32\NSI.dll
0x00007ffd09f10000 - 0x00007ffd09f26000 	C:\WINDOWS\SYSTEM32\dhcpcsvc6.DLL
0x00007ffd09ec0000 - 0x00007ffd09edc000 	C:\WINDOWS\SYSTEM32\dhcpcsvc.DLL
0x00007ffd103c0000 - 0x00007ffd10486000 	C:\WINDOWS\SYSTEM32\DNSAPI.dll
0x00000000505a0000 - 0x00000000505b1000 	C:\Program Files\Java\jdk1.8.0_131\jre\bin\nio.dll
0x00007ffcf2b50000 - 0x00007ffcf2b66000 	C:\WINDOWS\system32\napinsp.dll
0x00007ffcf2a50000 - 0x00007ffcf2a6a000 	C:\WINDOWS\system32\pnrpnsp.dll
0x00007ffcf2bc0000 - 0x00007ffcf2bce000 	C:\WINDOWS\System32\winrnr.dll
0x00007ffd0a3c0000 - 0x00007ffd0a3db000 	C:\WINDOWS\system32\NLAapi.dll
0x00007ffcf2a30000 - 0x00007ffcf2a45000 	C:\WINDOWS\system32\wshbth.dll
0x00000000524d0000 - 0x00000000524f6000 	C:\Program Files\Bonjour\mdnsNSP.dll
0x00007ffd08810000 - 0x00007ffd0881a000 	C:\Windows\System32\rasadhlp.dll
0x00007ffd08480000 - 0x00007ffd084f9000 	C:\WINDOWS\System32\fwpuclnt.dll
0x0000000050590000 - 0x000000005059d000 	C:\Program Files\Java\jdk1.8.0_131\jre\bin\management.dll
0x0000000050560000 - 0x0000000050584000 	C:\Program Files\Java\jdk1.8.0_131\jre\bin\sunec.dll
0x0000000050550000 - 0x000000005055b000 	C:\Program Files\Java\jdk1.8.0_131\jre\bin\sunmscapi.dll
0x00007ffd11070000 - 0x00007ffd1124c000 	C:\WINDOWS\System32\CRYPT32.dll
0x00007ffd10df0000 - 0x00007ffd10e02000 	C:\WINDOWS\System32\MSASN1.dll
0x00007ffcf5b80000 - 0x00007ffcf5c1d000 	C:\Users\hory9\Documents\GitHub\mp-speech-analysis\Projevy-web_to_DB\morphodita_java.dll
0x00007ffd0f5f0000 - 0x00007ffd0f7dd000 	C:\WINDOWS\SYSTEM32\dbghelp.dll

VM Arguments:
jvm_args: -agentlib:jdwp=transport=dt_socket,address=127.0.0.1:60200,suspend=y,server=n -javaagent:C:\Users\hory9\.IntelliJIdea2019.3\system\captureAgent\debugger-agent.jar -Dfile.encoding=UTF-8 
java_command: App
java_class_path (initial): C:\Program Files\Java\jdk1.8.0_131\jre\lib\charsets.jar;C:\Program Files\Java\jdk1.8.0_131\jre\lib\deploy.jar;C:\Program Files\Java\jdk1.8.0_131\jre\lib\ext\access-bridge-64.jar;C:\Program Files\Java\jdk1.8.0_131\jre\lib\ext\cldrdata.jar;C:\Program Files\Java\jdk1.8.0_131\jre\lib\ext\dnsns.jar;C:\Program Files\Java\jdk1.8.0_131\jre\lib\ext\jaccess.jar;C:\Program Files\Java\jdk1.8.0_131\jre\lib\ext\jfxrt.jar;C:\Program Files\Java\jdk1.8.0_131\jre\lib\ext\localedata.jar;C:\Program Files\Java\jdk1.8.0_131\jre\lib\ext\nashorn.jar;C:\Program Files\Java\jdk1.8.0_131\jre\lib\ext\sunec.jar;C:\Program Files\Java\jdk1.8.0_131\jre\lib\ext\sunjce_provider.jar;C:\Program Files\Java\jdk1.8.0_131\jre\lib\ext\sunmscapi.jar;C:\Program Files\Java\jdk1.8.0_131\jre\lib\ext\sunpkcs11.jar;C:\Program Files\Java\jdk1.8.0_131\jre\lib\ext\zipfs.jar;C:\Program Files\Java\jdk1.8.0_131\jre\lib\javaws.jar;C:\Program Files\Java\jdk1.8.0_131\jre\lib\jce.jar;C:\Program Files\Java\jdk1.8.0_131\jre\lib\jfr.jar;C:\Program Files\Java\jdk1.8.0_131\jre\lib\jfxswt.jar;C:\Program Files\Java\jdk1.8.0_131\jre\lib\jsse.jar;C:\Program Files\Java\jdk1.8.0_131\jre\lib\management-agent.jar;C:\Program Files\Java\jdk1.8.0_131\jre\lib\plugin.jar;C:\Program Files\Java\jdk1.8.0_131\jre\lib\resources.jar;C:\Program Files\Java\jdk1.8.0_131\jre\lib\rt.jar;C:\Users\hory9\Documents\GitHub\mp-speech-analysis\Projevy-web_to_DB\out\production\Projevy-web_to_DB;C:\Users\hory9\Documents\GitHub\mp-speech-analysis\Projevy-web_to_DB\lib\javax.persistence.jar;C:\Users\hory9\Documents\GitHub\mp-speech-analysis\Projevy-web_to_DB\lib\hibernate-entitymanager-5.4.10.Final.jar;C:\Users\hory9\Documents\GitHub\mp-speech-analysis\Projevy-web_to_DB\lib\jboss-logging-3.3.2.Final.jar;C:\Users\hory9\Documents\GitHub\mp-speech-analysis\Projevy-web_to_DB\lib\hibernate-core-5.4.10.Final.jar;C:\Users\hory9\Documents\GitHub\mp-speech-analysis\Projevy-web_to_DB\lib\javassist-3.24.0-GA.jar;C:\Users\hory9\Documents\GitHub\m
Launcher Type: SUN_STANDARD

Environment Variables:
PATH=C:\Windows\system32;C:\Windows;C:\Windows\System32\Wbem;C:\Windows\System32\WindowsPowerShell\v1.0\;C:\Program Files\PuTTY\;C:\Program Files (x86)\NVIDIA Corporation\PhysX\Common;C:\WINDOWS\system32;C:\WINDOWS;C:\WINDOWS\System32\Wbem;C:\WINDOWS\System32\WindowsPowerShell\v1.0\;C:\Program Files\CMake\bin;C:\Program Files\Java\jdk1.8.0_131\bin;C:\adb;C:\WINDOWS\system32;C:\WINDOWS;C:\WINDOWS\System32\Wbem;C:\WINDOWS\System32\WindowsPowerShell\v1.0\;C:\WINDOWS\System32\OpenSSH\;C:\Program Files\TortoiseSVN\bin;C:\Android;C:\Program Files\NVIDIA Corporation\NVIDIA NvDLISR;C:\Program Files (x86)\Wolfram Research\WolframScript\;C:\Program Files (x86)\Yarn\bin\;C:\Program Files\nodejs\;C:\Program Files\Git\cmd;C:\Program Files\Java\jdk1.8.0_131\bin;C:\Users\hory9\AppData\Local\Microsoft\WindowsApps;C:\Users\hory9\AppData\Local\Programs\Microsoft VS Code\bin;C:\Users\hory9\AppData\Local\Yarn\bin;C:\Users\hory9\AppData\Roaming\npm;C:\Users\hory9\AppData\Local\GitHubDesktop\bin;C:\MinGW\bin;
USERNAME=hory9
OS=Windows_NT
PROCESSOR_IDENTIFIER=Intel64 Family 6 Model 94 Stepping 3, GenuineIntel



---------------  S Y S T E M  ---------------

OS: Windows 10.0 , 64 bit Build 17763 (10.0.17763.475)

CPU:total 4 (initial active 4) (4 cores per cpu, 1 threads per core) family 6 model 94 stepping 3, cmov, cx8, fxsr, mmx, sse, sse2, sse3, ssse3, sse4.1, sse4.2, popcnt, avx, avx2, aes, clmul, erms, rtm, 3dnowpref, lzcnt, tsc, tscinvbit, bmi1, bmi2, adx

Memory: 4k page, physical 16700132k(666624k free), swap 47884896k(5248k free)

vm_info: Java HotSpot(TM) 64-Bit Server VM (25.131-b11) for windows-amd64 JRE (1.8.0_131-b11), built on Mar 15 2017 01:23:53 by "java_re" with MS VC++ 10.0 (VS2010)

time: Sun Feb 16 20:31:23 2020
elapsed time: 378 seconds (0d 0h 6m 18s)

