#
# A fatal error has been detected by the Java Runtime Environment:
#
#  EXCEPTION_ACCESS_VIOLATION (0xc0000005) at pc=0x000000005094c420, pid=22444, tid=0x00000000000049e0
#
# JRE version: Java(TM) SE Runtime Environment (8.0_131-b11) (build 1.8.0_131-b11)
# Java VM: Java HotSpot(TM) 64-Bit Server VM (25.131-b11 mixed mode windows-amd64 compressed oops)
# Problematic frame:
# V  [jvm.dll+0x27c420]
#
# Failed to write core dump. Minidumps are not enabled by default on client versions of Windows
#
# If you would like to submit a bug report, please visit:
#   http://bugreport.java.com/bugreport/crash.jsp
#

---------------  T H R E A D  ---------------

Current thread (0x0000000003364000):  JavaThread "main" [_thread_in_vm, id=18912, stack(0x0000000003160000,0x0000000003260000)]

siginfo: ExceptionCode=0xc0000005, reading address 0xffffffffffffffff

Registers:
RAX=0x0000000000000000, RBX=0x0000000003364000, RCX=0x0000bdc36b6c6500, RDX=0x0000bdc36b6c6500
RSP=0x000000000325eda8, RBP=0x000000000325eee0, RSI=0x0000bdc36b6c6500, RDI=0x000000000325ee18
R8 =0x0000000003364000, R9 =0x000000000325ef00, R10=0x0000000003480fe0, R11=0x00000000508fbd80
R12=0x0000000000000000, R13=0x0000000023574258, R14=0x000000000325ef10, R15=0x0000000003364000
RIP=0x000000005094c420, EFLAGS=0x0000000000010206

Top of Stack: (sp=0x000000000325eda8)
0x000000000325eda8:   000000005073e933 000000076cec5750
0x000000000325edb8:   000000005073e771 0000000003364b70
0x000000000325edc8:   0000000003364b70 00000000033641f8
0x000000000325edd8:   000000005073ea19 000000000325eee0
0x000000000325ede8:   000000076cec5710 0000000003364000
0x000000000325edf8:   0000bdc36b6c6500 0000000003364000
0x000000000325ee08:   0000000050811194 0000000003364b70
0x000000000325ee18:   000000005073ea19 000000000325ef00
0x000000000325ee28:   0000000003364b70 0000000003364000
0x000000000325ee38:   0000000000000000 0000000000000000
0x000000000325ee48:   000000005084d4f3 000000076cec55e0
0x000000000325ee58:   000000000348100c 0000000003364000
0x000000000325ee68:   0000000023574258 00000000f8097332
0x000000000325ee78:   00000000035ea731 000000001c0e0640
0x000000000325ee88:   000000000325eee0 000000076cec5710
0x000000000325ee98:   67faa76f0359a29b 000000000325eea0 

Instructions: (pc=0x000000005094c420)
0x000000005094c400:   41 0f b6 14 08 80 e2 c0 80 fa 80 75 02 ff c8 49
0x000000005094c410:   ff c0 4d 3b c1 7c e9 f3 c3 cc cc cc cc cc cc cc
0x000000005094c420:   0f b6 11 33 c0 84 d2 74 1c 0f 1f 80 00 00 00 00
0x000000005094c430:   80 e2 c0 80 fa 80 74 02 ff c0 0f b6 51 01 48 ff 


Register to memory mapping:

RAX=0x0000000000000000 is an unknown value
RBX=0x0000000003364000 is a thread
RCX=0x0000bdc36b6c6500 is an unknown value
RDX=0x0000bdc36b6c6500 is an unknown value
RSP=0x000000000325eda8 is pointing into the stack for thread: 0x0000000003364000
RBP=0x000000000325eee0 is pointing into the stack for thread: 0x0000000003364000
RSI=0x0000bdc36b6c6500 is an unknown value
RDI=0x000000000325ee18 is pointing into the stack for thread: 0x0000000003364000
R8 =0x0000000003364000 is a thread
R9 =0x000000000325ef00 is pointing into the stack for thread: 0x0000000003364000
R10=0x0000000003480fe0 is at code_begin+1632 in an Interpreter codelet
method entry point (kind = native)  [0x0000000003480980, 0x00000000034819a0]  4128 bytes
R11=0x00000000508fbd80 is an unknown value
R12=0x0000000000000000 is an unknown value
R13={method} {0x0000000023574260} 'TaggedLemma_lemma_get' '(JLcz/cuni/mff/ufal/morphodita/TaggedLemma;)Ljava/lang/String;' in 'cz/cuni/mff/ufal/morphodita/morphodita_javaJNI'
R14=0x000000000325ef10 is pointing into the stack for thread: 0x0000000003364000
R15=0x0000000003364000 is a thread


Stack: [0x0000000003160000,0x0000000003260000],  sp=0x000000000325eda8,  free space=1019k
Native frames: (J=compiled Java code, j=interpreted, Vv=VM code, C=native code)
V  [jvm.dll+0x27c420]

Java frames: (J=compiled Java code, j=interpreted, Vv=VM code)
j  cz.cuni.mff.ufal.morphodita.morphodita_javaJNI.TaggedLemma_lemma_get(JLcz/cuni/mff/ufal/morphodita/TaggedLemma;)Ljava/lang/String;+0
j  cz.cuni.mff.ufal.morphodita.TaggedLemma.getLemma()Ljava/lang/String;+5
j  creator.SlovoCreatorData.analyze()V+46
j  creator.SlovoCreator.processAllSpeeches(Lentity/PoslanecEntity;)V+39
j  creator.SlovoCreator.processAllMetingsInPeriod(Ljava/lang/Integer;)V+86
j  creator.SlovoCreator.main([Ljava/lang/String;)V+6
v  ~StubRoutines::call_stub

---------------  P R O C E S S  ---------------

Java Threads: ( => current thread )
  0x000000001fc25000 JavaThread "C3P0PooledConnectionPoolManager[identityToken->1hge0yva8p6mb31c85w9p|184497d1]-HelperThread-#2" daemon [_thread_blocked, id=12108, stack(0x00000000215e0000,0x00000000216e0000)]
  0x000000001fc24000 JavaThread "C3P0PooledConnectionPoolManager[identityToken->1hge0yva8p6mb31c85w9p|184497d1]-HelperThread-#1" daemon [_thread_blocked, id=22972, stack(0x00000000214e0000,0x00000000215e0000)]
  0x000000001fe35000 JavaThread "C3P0PooledConnectionPoolManager[identityToken->1hge0yva8p6mb31c85w9p|184497d1]-HelperThread-#0" daemon [_thread_blocked, id=19780, stack(0x00000000213e0000,0x00000000214e0000)]
  0x000000001fb28000 JavaThread "C3P0PooledConnectionPoolManager[identityToken->1hge0yva8p6mb31c85w9p|184497d1]-AdminTaskTimer" daemon [_thread_blocked, id=21128, stack(0x00000000212e0000,0x00000000213e0000)]
  0x000000001fa40800 JavaThread "mysql-cj-abandoned-connection-cleanup" daemon [_thread_blocked, id=21768, stack(0x0000000020fe0000,0x00000000210e0000)]
  0x000000001e6ac000 JavaThread "Service Thread" daemon [_thread_blocked, id=22916, stack(0x000000001ead0000,0x000000001ebd0000)]
  0x000000001e5f4800 JavaThread "C1 CompilerThread2" daemon [_thread_blocked, id=6104, stack(0x000000001e9d0000,0x000000001ead0000)]
  0x000000001e5f3800 JavaThread "C2 CompilerThread1" daemon [_thread_blocked, id=14104, stack(0x000000001e8d0000,0x000000001e9d0000)]
  0x000000001e5bf800 JavaThread "C2 CompilerThread0" daemon [_thread_blocked, id=23072, stack(0x000000001e7d0000,0x000000001e8d0000)]
  0x000000001caa0000 JavaThread "JDWP Event Helper Thread" daemon [_thread_blocked, id=8232, stack(0x000000001e1d0000,0x000000001e2d0000)]
  0x000000001ca8a000 JavaThread "Attach Listener" daemon [_thread_blocked, id=22572, stack(0x000000001dfd0000,0x000000001e0d0000)]
  0x000000001ca89000 JavaThread "Signal Dispatcher" daemon [_thread_blocked, id=19296, stack(0x000000001ded0000,0x000000001dfd0000)]
  0x000000001ca69800 JavaThread "Finalizer" daemon [_thread_blocked, id=19236, stack(0x000000001dcd0000,0x000000001ddd0000)]
  0x0000000003454000 JavaThread "Reference Handler" daemon [_thread_blocked, id=13176, stack(0x000000001dbd0000,0x000000001dcd0000)]
=>0x0000000003364000 JavaThread "main" [_thread_in_vm, id=18912, stack(0x0000000003160000,0x0000000003260000)]

Other Threads:
  0x000000001ca47800 VMThread [stack: 0x000000001dad0000,0x000000001dbd0000] [id=22576]
  0x000000001e6fa000 WatcherThread [stack: 0x000000001ebd0000,0x000000001ecd0000] [id=21124]

VM state:not at safepoint (normal execution)

VM Mutex/Monitor currently owned by a thread: None

Heap:
 PSYoungGen      total 140800K, used 32628K [0x000000076b100000, 0x0000000777800000, 0x00000007c0000000)
  eden space 130048K, 25% used [0x000000076b100000,0x000000076d0dd120,0x0000000773000000)
  from space 10752K, 0% used [0x0000000773000000,0x0000000773000000,0x0000000773a80000)
  to   space 13312K, 0% used [0x0000000776b00000,0x0000000776b00000,0x0000000777800000)
 ParOldGen       total 121856K, used 14857K [0x00000006c1200000, 0x00000006c8900000, 0x000000076b100000)
  object space 121856K, 12% used [0x00000006c1200000,0x00000006c20827d8,0x00000006c8900000)
 Metaspace       used 37479K, capacity 38292K, committed 38488K, reserved 1083392K
  class space    used 4779K, capacity 4930K, committed 4992K, reserved 1048576K

Card table byte_map: [0x0000000012820000,0x0000000013020000] byte_map_base: 0x000000000f217000

Marking Bits: (ParMarkBitMap*) 0x0000000050eec720
 Begin Bits: [0x0000000013970000, 0x0000000017928000)
 End Bits:   [0x0000000017928000, 0x000000001b8e0000)

Polling page: 0x0000000001690000

CodeCache: size=245760Kb used=11443Kb max_used=12655Kb free=234316Kb
 bounds [0x0000000003460000, 0x00000000040d0000, 0x0000000012460000]
 total_blobs=4240 nmethods=3677 adapters=483
 compilation: enabled

Compilation events (10 events):
Event: 385.715 Thread 0x000000001e5f4800 4007       3       cz.cuni.mff.ufal.morphodita.TaggedLemma::<init> (15 bytes)
Event: 385.715 Thread 0x000000001e5f4800 nmethod 4007 0x0000000003b9de90 code [0x0000000003b9e000, 0x0000000003b9e1f0]
Event: 385.715 Thread 0x000000001e5f4800 4008       3       cz.cuni.mff.ufal.morphodita.TokenRanges::get (18 bytes)
Event: 385.715 Thread 0x000000001e5f4800 nmethod 4008 0x000000000384a690 code [0x000000000384a800, 0x000000000384aae8]
Event: 385.715 Thread 0x000000001e5f4800 4010       3       cz.cuni.mff.ufal.morphodita.TokenRange::<init> (15 bytes)
Event: 385.716 Thread 0x000000001e5f4800 nmethod 4010 0x0000000003580b10 code [0x0000000003580c80, 0x0000000003580e70]
Event: 385.716 Thread 0x000000001e5f4800 4011       3       cz.cuni.mff.ufal.morphodita.TokenRange::getStart (9 bytes)
Event: 385.716 Thread 0x000000001e5f4800 nmethod 4011 0x00000000035eebd0 code [0x00000000035eed40, 0x00000000035eeee8]
Event: 385.716 Thread 0x000000001e5f4800 4013       3       cz.cuni.mff.ufal.morphodita.TokenRange::getLength (9 bytes)
Event: 385.716 Thread 0x000000001e5f4800 nmethod 4013 0x0000000003a83650 code [0x0000000003a837c0, 0x0000000003a83968]

GC Heap History (10 events):
Event: 2.709 GC heap before
{Heap before GC invocations=3 (full 0):
 PSYoungGen      total 76288K, used 15006K [0x000000076b100000, 0x0000000770600000, 0x00000007c0000000)
  eden space 65536K, 9% used [0x000000076b100000,0x000000076b735d40,0x000000076f100000)
  from space 10752K, 80% used [0x000000076fb80000,0x00000007703f1c18,0x0000000770600000)
  to   space 10752K, 0% used [0x000000076f100000,0x000000076f100000,0x000000076fb80000)
 ParOldGen       total 175104K, used 88K [0x00000006c1200000, 0x00000006cbd00000, 0x000000076b100000)
  object space 175104K, 0% used [0x00000006c1200000,0x00000006c1216010,0x00000006cbd00000)
 Metaspace       used 20811K, capacity 21084K, committed 21248K, reserved 1067008K
  class space    used 2669K, capacity 2748K, committed 2816K, reserved 1048576K
Event: 2.712 GC heap after
Heap after GC invocations=3 (full 0):
 PSYoungGen      total 76288K, used 4980K [0x000000076b100000, 0x0000000774600000, 0x00000007c0000000)
  eden space 65536K, 0% used [0x000000076b100000,0x000000076b100000,0x000000076f100000)
  from space 10752K, 46% used [0x000000076f100000,0x000000076f5dd1f8,0x000000076fb80000)
  to   space 10752K, 0% used [0x0000000773b80000,0x0000000773b80000,0x0000000774600000)
 ParOldGen       total 175104K, used 96K [0x00000006c1200000, 0x00000006cbd00000, 0x000000076b100000)
  object space 175104K, 0% used [0x00000006c1200000,0x00000006c1218010,0x00000006cbd00000)
 Metaspace       used 20811K, capacity 21084K, committed 21248K, reserved 1067008K
  class space    used 2669K, capacity 2748K, committed 2816K, reserved 1048576K
}
Event: 2.712 GC heap before
{Heap before GC invocations=4 (full 1):
 PSYoungGen      total 76288K, used 4980K [0x000000076b100000, 0x0000000774600000, 0x00000007c0000000)
  eden space 65536K, 0% used [0x000000076b100000,0x000000076b100000,0x000000076f100000)
  from space 10752K, 46% used [0x000000076f100000,0x000000076f5dd1f8,0x000000076fb80000)
  to   space 10752K, 0% used [0x0000000773b80000,0x0000000773b80000,0x0000000774600000)
 ParOldGen       total 175104K, used 96K [0x00000006c1200000, 0x00000006cbd00000, 0x000000076b100000)
  object space 175104K, 0% used [0x00000006c1200000,0x00000006c1218010,0x00000006cbd00000)
 Metaspace       used 20811K, capacity 21084K, committed 21248K, reserved 1067008K
  class space    used 2669K, capacity 2748K, committed 2816K, reserved 1048576K
Event: 2.735 GC heap after
Heap after GC invocations=4 (full 1):
 PSYoungGen      total 76288K, used 0K [0x000000076b100000, 0x0000000774600000, 0x00000007c0000000)
  eden space 65536K, 0% used [0x000000076b100000,0x000000076b100000,0x000000076f100000)
  from space 10752K, 0% used [0x000000076f100000,0x000000076f100000,0x000000076fb80000)
  to   space 10752K, 0% used [0x0000000773b80000,0x0000000773b80000,0x0000000774600000)
 ParOldGen       total 89088K, used 4979K [0x00000006c1200000, 0x00000006c6900000, 0x000000076b100000)
  object space 89088K, 5% used [0x00000006c1200000,0x00000006c16dcf28,0x00000006c6900000)
 Metaspace       used 20800K, capacity 21058K, committed 21248K, reserved 1067008K
  class space    used 2665K, capacity 2741K, committed 2816K, reserved 1048576K
}
Event: 4.520 GC heap before
{Heap before GC invocations=5 (full 1):
 PSYoungGen      total 76288K, used 65536K [0x000000076b100000, 0x0000000774600000, 0x00000007c0000000)
  eden space 65536K, 100% used [0x000000076b100000,0x000000076f100000,0x000000076f100000)
  from space 10752K, 0% used [0x000000076f100000,0x000000076f100000,0x000000076fb80000)
  to   space 10752K, 0% used [0x0000000773b80000,0x0000000773b80000,0x0000000774600000)
 ParOldGen       total 89088K, used 4979K [0x00000006c1200000, 0x00000006c6900000, 0x000000076b100000)
  object space 89088K, 5% used [0x00000006c1200000,0x00000006c16dcf28,0x00000006c6900000)
 Metaspace       used 28139K, capacity 28538K, committed 28928K, reserved 1075200K
  class space    used 3583K, capacity 3725K, committed 3840K, reserved 1048576K
Event: 4.528 GC heap after
Heap after GC invocations=5 (full 1):
 PSYoungGen      total 119808K, used 9667K [0x000000076b100000, 0x0000000774500000, 0x00000007c0000000)
  eden space 110080K, 0% used [0x000000076b100000,0x000000076b100000,0x0000000771c80000)
  from space 9728K, 99% used [0x0000000773b80000,0x00000007744f0ea0,0x0000000774500000)
  to   space 10752K, 0% used [0x0000000773000000,0x0000000773000000,0x0000000773a80000)
 ParOldGen       total 89088K, used 4987K [0x00000006c1200000, 0x00000006c6900000, 0x000000076b100000)
  object space 89088K, 5% used [0x00000006c1200000,0x00000006c16def28,0x00000006c6900000)
 Metaspace       used 28139K, capacity 28538K, committed 28928K, reserved 1075200K
  class space    used 3583K, capacity 3725K, committed 3840K, reserved 1048576K
}
Event: 69.390 GC heap before
{Heap before GC invocations=6 (full 1):
 PSYoungGen      total 119808K, used 77448K [0x000000076b100000, 0x0000000774500000, 0x00000007c0000000)
  eden space 110080K, 61% used [0x000000076b100000,0x000000076f331398,0x0000000771c80000)
  from space 9728K, 99% used [0x0000000773b80000,0x00000007744f0ea0,0x0000000774500000)
  to   space 10752K, 0% used [0x0000000773000000,0x0000000773000000,0x0000000773a80000)
 ParOldGen       total 89088K, used 4987K [0x00000006c1200000, 0x00000006c6900000, 0x000000076b100000)
  object space 89088K, 5% used [0x00000006c1200000,0x00000006c16def28,0x00000006c6900000)
 Metaspace       used 34739K, capacity 35148K, committed 35416K, reserved 1079296K
  class space    used 4525K, capacity 4650K, committed 4736K, reserved 1048576K
Event: 69.398 GC heap after
Heap after GC invocations=6 (full 1):
 PSYoungGen      total 140800K, used 10749K [0x000000076b100000, 0x0000000777800000, 0x00000007c0000000)
  eden space 130048K, 0% used [0x000000076b100000,0x000000076b100000,0x0000000773000000)
  from space 10752K, 99% used [0x0000000773000000,0x0000000773a7f780,0x0000000773a80000)
  to   space 13312K, 0% used [0x0000000776b00000,0x0000000776b00000,0x0000000777800000)
 ParOldGen       total 89088K, used 5173K [0x00000006c1200000, 0x00000006c6900000, 0x000000076b100000)
  object space 89088K, 5% used [0x00000006c1200000,0x00000006c170d4f8,0x00000006c6900000)
 Metaspace       used 34739K, capacity 35148K, committed 35416K, reserved 1079296K
  class space    used 4525K, capacity 4650K, committed 4736K, reserved 1048576K
}
Event: 69.398 GC heap before
{Heap before GC invocations=7 (full 2):
 PSYoungGen      total 140800K, used 10749K [0x000000076b100000, 0x0000000777800000, 0x00000007c0000000)
  eden space 130048K, 0% used [0x000000076b100000,0x000000076b100000,0x0000000773000000)
  from space 10752K, 99% used [0x0000000773000000,0x0000000773a7f780,0x0000000773a80000)
  to   space 13312K, 0% used [0x0000000776b00000,0x0000000776b00000,0x0000000777800000)
 ParOldGen       total 89088K, used 5173K [0x00000006c1200000, 0x00000006c6900000, 0x000000076b100000)
  object space 89088K, 5% used [0x00000006c1200000,0x00000006c170d4f8,0x00000006c6900000)
 Metaspace       used 34739K, capacity 35148K, committed 35416K, reserved 1079296K
  class space    used 4525K, capacity 4650K, committed 4736K, reserved 1048576K
Event: 69.453 GC heap after
Heap after GC invocations=7 (full 2):
 PSYoungGen      total 140800K, used 0K [0x000000076b100000, 0x0000000777800000, 0x00000007c0000000)
  eden space 130048K, 0% used [0x000000076b100000,0x000000076b100000,0x0000000773000000)
  from space 10752K, 0% used [0x0000000773000000,0x0000000773000000,0x0000000773a80000)
  to   space 13312K, 0% used [0x0000000776b00000,0x0000000776b00000,0x0000000777800000)
 ParOldGen       total 121856K, used 14857K [0x00000006c1200000, 0x00000006c8900000, 0x000000076b100000)
  object space 121856K, 12% used [0x00000006c1200000,0x00000006c20827d8,0x00000006c8900000)
 Metaspace       used 34711K, capacity 35096K, committed 35416K, reserved 1079296K
  class space    used 4516K, capacity 4636K, committed 4736K, reserved 1048576K
}

Deoptimization events (10 events):
Event: 69.949 Thread 0x0000000003364000 Uncommon trap: reason=bimorphic action=maybe_recompile pc=0x0000000003db9a58 method=com.mysql.cj.protocol.result.AbstractResultsetRow.getValueFromBytes(I[BIILcom/mysql/cj/result/ValueFactory;)Ljava/lang/Object; @ 10
Event: 93.979 Thread 0x0000000003364000 Uncommon trap: reason=bimorphic action=maybe_recompile pc=0x000000000405f588 method=org.hibernate.event.internal.AbstractVisitor.processValue(Ljava/lang/Object;Lorg/hibernate/type/Type;)Ljava/lang/Object; @ 39
Event: 93.979 Thread 0x0000000003364000 Uncommon trap: reason=bimorphic action=maybe_recompile pc=0x000000000405f588 method=org.hibernate.event.internal.AbstractVisitor.processValue(Ljava/lang/Object;Lorg/hibernate/type/Type;)Ljava/lang/Object; @ 39
Event: 93.979 Thread 0x0000000003364000 Uncommon trap: reason=bimorphic action=maybe_recompile pc=0x000000000405f588 method=org.hibernate.event.internal.AbstractVisitor.processValue(Ljava/lang/Object;Lorg/hibernate/type/Type;)Ljava/lang/Object; @ 39
Event: 93.979 Thread 0x0000000003364000 Uncommon trap: reason=bimorphic action=maybe_recompile pc=0x000000000405f588 method=org.hibernate.event.internal.AbstractVisitor.processValue(Ljava/lang/Object;Lorg/hibernate/type/Type;)Ljava/lang/Object; @ 39
Event: 95.468 Thread 0x0000000003364000 Uncommon trap: reason=class_check action=maybe_recompile pc=0x0000000004068c54 method=java.util.Objects.equals(Ljava/lang/Object;Ljava/lang/Object;)Z @ 11
Event: 95.468 Thread 0x0000000003364000 Uncommon trap: reason=class_check action=maybe_recompile pc=0x0000000004068c54 method=java.util.Objects.equals(Ljava/lang/Object;Ljava/lang/Object;)Z @ 11
Event: 95.469 Thread 0x0000000003364000 Uncommon trap: reason=class_check action=maybe_recompile pc=0x0000000004068c54 method=java.util.Objects.equals(Ljava/lang/Object;Ljava/lang/Object;)Z @ 11
Event: 95.469 Thread 0x0000000003364000 Uncommon trap: reason=class_check action=maybe_recompile pc=0x0000000004068c54 method=java.util.Objects.equals(Ljava/lang/Object;Ljava/lang/Object;)Z @ 11
Event: 95.483 Thread 0x0000000003364000 Uncommon trap: reason=unstable_if action=reinterpret pc=0x0000000003cba6dc method=java.net.URLClassLoader.definePackageInternal(Ljava/lang/String;Ljava/util/jar/Manifest;Ljava/net/URL;)V @ 11

Internal exceptions (10 events):
Event: 2.583 Thread 0x0000000003364000 Exception <a 'java/lang/ClassNotFoundException': com/mchange/v2/c3p0/impl/DriverManagerDataSourceBaseBeanInfo> (0x000000076ec03d50) thrown at [C:\re\workspace\8-2-build-windows-amd64-cygwin\jdk8u131\8869\hotspot\src\share\vm\classfile\systemDictionary.cpp
Event: 2.583 Thread 0x0000000003364000 Exception <a 'java/lang/ClassNotFoundException': com/mchange/v2/c3p0/impl/DriverManagerDataSourceBaseCustomizer> (0x000000076ec12ba8) thrown at [C:\re\workspace\8-2-build-windows-amd64-cygwin\jdk8u131\8869\hotspot\src\share\vm\classfile\systemDictionary.c
Event: 2.584 Thread 0x0000000003364000 Exception <a 'java/lang/ClassNotFoundException': com/mchange/v2/c3p0/DriverManagerDataSourceCustomizer> (0x000000076ec3b4c8) thrown at [C:\re\workspace\8-2-build-windows-amd64-cygwin\jdk8u131\8869\hotspot\src\share\vm\classfile\systemDictionary.cpp, line 
Event: 4.345 Thread 0x0000000003364000 Exception <a 'java/lang/ArrayIndexOutOfBoundsException': 49> (0x000000076e2e46d8) thrown at [C:\re\workspace\8-2-build-windows-amd64-cygwin\jdk8u131\8869\hotspot\src\share\vm\interpreter\interpreterRuntime.cpp, line 366]
Event: 4.345 Thread 0x0000000003364000 Exception <a 'java/lang/ArrayIndexOutOfBoundsException'> (0x000000076e2e5708) thrown at [C:\re\workspace\8-2-build-windows-amd64-cygwin\jdk8u131\8869\hotspot\src\share\vm\runtime\sharedRuntime.cpp, line 605]
Event: 4.346 Thread 0x0000000003364000 Exception <a 'java/lang/ArrayIndexOutOfBoundsException'> (0x000000076e2e7090) thrown at [C:\re\workspace\8-2-build-windows-amd64-cygwin\jdk8u131\8869\hotspot\src\share\vm\runtime\sharedRuntime.cpp, line 605]
Event: 4.347 Thread 0x0000000003364000 Exception <a 'java/lang/ArrayIndexOutOfBoundsException'> (0x000000076e2eb298) thrown at [C:\re\workspace\8-2-build-windows-amd64-cygwin\jdk8u131\8869\hotspot\src\share\vm\runtime\sharedRuntime.cpp, line 605]
Event: 4.347 Thread 0x0000000003364000 Exception <a 'java/lang/ArrayIndexOutOfBoundsException'> (0x000000076e2ebe50) thrown at [C:\re\workspace\8-2-build-windows-amd64-cygwin\jdk8u131\8869\hotspot\src\share\vm\runtime\sharedRuntime.cpp, line 605]
Event: 4.371 Thread 0x0000000003364000 Exception <a 'java/lang/ArrayIndexOutOfBoundsException'> (0x000000076e49f648) thrown at [C:\re\workspace\8-2-build-windows-amd64-cygwin\jdk8u131\8869\hotspot\src\share\vm\runtime\sharedRuntime.cpp, line 605]
Event: 4.371 Thread 0x0000000003364000 Exception <a 'java/lang/ArrayIndexOutOfBoundsException'> (0x000000076e4a0360) thrown at [C:\re\workspace\8-2-build-windows-amd64-cygwin\jdk8u131\8869\hotspot\src\share\vm\runtime\sharedRuntime.cpp, line 605]

Events (10 events):
Event: 385.711 Thread 0x000000001e5f4800 flushing nmethod 0x0000000003b9df90
Event: 385.711 Thread 0x000000001e5f4800 flushing nmethod 0x0000000003baa710
Event: 385.711 Thread 0x000000001e5f4800 flushing nmethod 0x0000000003bb3950
Event: 385.711 Thread 0x000000001e5f4800 flushing nmethod 0x0000000003be9a10
Event: 385.712 Thread 0x000000001e5f4800 flushing nmethod 0x0000000003c8f3d0
Event: 385.712 Thread 0x000000001e5f4800 flushing nmethod 0x0000000003cd6ed0
Event: 385.712 Thread 0x000000001e5f4800 flushing nmethod 0x0000000003cd8ed0
Event: 385.712 Thread 0x000000001e5f4800 flushing nmethod 0x0000000003ce16d0
Event: 385.713 Thread 0x000000001e5f4800 flushing nmethod 0x0000000003d96310
Event: 385.713 Thread 0x000000001e5f4800 flushing nmethod 0x0000000003db9750


Dynamic libraries:
0x00007ff7cf070000 - 0x00007ff7cf0a7000 	C:\Program Files\Java\jdk1.8.0_131\bin\java.exe
0x00007ffd14e00000 - 0x00007ffd14fed000 	C:\WINDOWS\SYSTEM32\ntdll.dll
0x00007ffd13ef0000 - 0x00007ffd13fa3000 	C:\WINDOWS\System32\KERNEL32.DLL
0x00007ffd112a0000 - 0x00007ffd11533000 	C:\WINDOWS\System32\KERNELBASE.dll
0x00007ffd14680000 - 0x00007ffd14723000 	C:\WINDOWS\System32\ADVAPI32.dll
0x00007ffd13fb0000 - 0x00007ffd1404e000 	C:\WINDOWS\System32\msvcrt.dll
0x00007ffd145e0000 - 0x00007ffd1467e000 	C:\WINDOWS\System32\sechost.dll
0x00007ffd14ca0000 - 0x00007ffd14dc2000 	C:\WINDOWS\System32\RPCRT4.dll
0x00007ffd12700000 - 0x00007ffd12897000 	C:\WINDOWS\System32\USER32.dll
0x00007ffd11e90000 - 0x00007ffd11eb0000 	C:\WINDOWS\System32\win32u.dll
0x00007ffd124a0000 - 0x00007ffd124c9000 	C:\WINDOWS\System32\GDI32.dll
0x00007ffd11c90000 - 0x00007ffd11e29000 	C:\WINDOWS\System32\gdi32full.dll
0x00007ffd11f80000 - 0x00007ffd12020000 	C:\WINDOWS\System32\msvcp_win.dll
0x00007ffd10ec0000 - 0x00007ffd10fba000 	C:\WINDOWS\System32\ucrtbase.dll
0x00007ffcffbc0000 - 0x00007ffcffe39000 	C:\WINDOWS\WinSxS\amd64_microsoft.windows.common-controls_6595b64144ccf1df_6.0.17763.1039_none_de701650534c7021\COMCTL32.dll
0x00007ffd142b0000 - 0x00007ffd145dc000 	C:\WINDOWS\System32\combase.dll
0x00007ffd11eb0000 - 0x00007ffd11f2e000 	C:\WINDOWS\System32\bcryptPrimitives.dll
0x00007ffd14c60000 - 0x00007ffd14c8e000 	C:\WINDOWS\System32\IMM32.DLL
0x0000000050f70000 - 0x0000000051042000 	C:\Program Files\Java\jdk1.8.0_131\jre\bin\msvcr100.dll
0x00000000506d0000 - 0x0000000050f6c000 	C:\Program Files\Java\jdk1.8.0_131\jre\bin\server\jvm.dll
0x00007ffd13ee0000 - 0x00007ffd13ee8000 	C:\WINDOWS\System32\PSAPI.DLL
0x00007ffcffe40000 - 0x00007ffcffe49000 	C:\WINDOWS\SYSTEM32\WSOCK32.dll
0x00007ffd124d0000 - 0x00007ffd1253d000 	C:\WINDOWS\System32\WS2_32.dll
0x00007ffd07260000 - 0x00007ffd07284000 	C:\WINDOWS\SYSTEM32\WINMM.dll
0x00007ffd0cda0000 - 0x00007ffd0cdaa000 	C:\WINDOWS\SYSTEM32\VERSION.dll
0x00007ffd07230000 - 0x00007ffd0725d000 	C:\WINDOWS\SYSTEM32\winmmbase.dll
0x00007ffd11f30000 - 0x00007ffd11f7a000 	C:\WINDOWS\System32\cfgmgr32.dll
0x00000000506c0000 - 0x00000000506cf000 	C:\Program Files\Java\jdk1.8.0_131\jre\bin\verify.dll
0x0000000050690000 - 0x00000000506b9000 	C:\Program Files\Java\jdk1.8.0_131\jre\bin\java.dll
0x0000000050630000 - 0x0000000050665000 	C:\Program Files\Java\jdk1.8.0_131\jre\bin\jdwp.dll
0x0000000050620000 - 0x0000000050628000 	C:\Program Files\Java\jdk1.8.0_131\jre\bin\npt.dll
0x00000000505f0000 - 0x0000000050613000 	C:\Program Files\Java\jdk1.8.0_131\jre\bin\instrument.dll
0x0000000050670000 - 0x0000000050686000 	C:\Program Files\Java\jdk1.8.0_131\jre\bin\zip.dll
0x00007ffd128a0000 - 0x00007ffd13d94000 	C:\WINDOWS\System32\SHELL32.dll
0x00007ffd14bb0000 - 0x00007ffd14c58000 	C:\WINDOWS\System32\shcore.dll
0x00007ffd11540000 - 0x00007ffd11c8d000 	C:\WINDOWS\System32\windows.storage.dll
0x00007ffd10e90000 - 0x00007ffd10eb4000 	C:\WINDOWS\System32\profapi.dll
0x00007ffd10e30000 - 0x00007ffd10e8d000 	C:\WINDOWS\System32\powrprof.dll
0x00007ffd13e80000 - 0x00007ffd13ed2000 	C:\WINDOWS\System32\shlwapi.dll
0x00007ffd10e10000 - 0x00007ffd10e21000 	C:\WINDOWS\System32\kernel.appcore.dll
0x00007ffd11250000 - 0x00007ffd11267000 	C:\WINDOWS\System32\cryptsp.dll
0x00000000505e0000 - 0x00000000505e9000 	C:\Program Files\Java\jdk1.8.0_131\jre\bin\dt_socket.dll
0x00007ffd10660000 - 0x00007ffd106c7000 	C:\WINDOWS\system32\mswsock.dll
0x00007ffd101e0000 - 0x00007ffd10213000 	C:\WINDOWS\system32\rsaenh.dll
0x00007ffd11270000 - 0x00007ffd11296000 	C:\WINDOWS\System32\bcrypt.dll
0x00007ffd10d20000 - 0x00007ffd10d48000 	C:\WINDOWS\SYSTEM32\USERENV.dll
0x00007ffd10830000 - 0x00007ffd1083c000 	C:\WINDOWS\SYSTEM32\CRYPTBASE.dll
0x00000000505c0000 - 0x00000000505da000 	C:\Program Files\Java\jdk1.8.0_131\jre\bin\net.dll
0x00007ffd10380000 - 0x00007ffd103bd000 	C:\WINDOWS\SYSTEM32\IPHLPAPI.DLL
0x00007ffd14c90000 - 0x00007ffd14c98000 	C:\WINDOWS\System32\NSI.dll
0x00007ffd09f10000 - 0x00007ffd09f26000 	C:\WINDOWS\SYSTEM32\dhcpcsvc6.DLL
0x00007ffd09ec0000 - 0x00007ffd09edc000 	C:\WINDOWS\SYSTEM32\dhcpcsvc.DLL
0x00007ffd103c0000 - 0x00007ffd10486000 	C:\WINDOWS\SYSTEM32\DNSAPI.dll
0x00000000505a0000 - 0x00000000505b1000 	C:\Program Files\Java\jdk1.8.0_131\jre\bin\nio.dll
0x00007ffcf2b50000 - 0x00007ffcf2b66000 	C:\WINDOWS\system32\napinsp.dll
0x00007ffcf2a50000 - 0x00007ffcf2a6a000 	C:\WINDOWS\system32\pnrpnsp.dll
0x00007ffcf2bc0000 - 0x00007ffcf2bce000 	C:\WINDOWS\System32\winrnr.dll
0x00007ffd0a3c0000 - 0x00007ffd0a3db000 	C:\WINDOWS\system32\NLAapi.dll
0x00007ffcf2a30000 - 0x00007ffcf2a45000 	C:\WINDOWS\system32\wshbth.dll
0x00000000524d0000 - 0x00000000524f6000 	C:\Program Files\Bonjour\mdnsNSP.dll
0x00007ffd08810000 - 0x00007ffd0881a000 	C:\Windows\System32\rasadhlp.dll
0x00007ffd08480000 - 0x00007ffd084f9000 	C:\WINDOWS\System32\fwpuclnt.dll
0x0000000050590000 - 0x000000005059d000 	C:\Program Files\Java\jdk1.8.0_131\jre\bin\management.dll
0x0000000050560000 - 0x0000000050584000 	C:\Program Files\Java\jdk1.8.0_131\jre\bin\sunec.dll
0x0000000050550000 - 0x000000005055b000 	C:\Program Files\Java\jdk1.8.0_131\jre\bin\sunmscapi.dll
0x00007ffd11070000 - 0x00007ffd1124c000 	C:\WINDOWS\System32\CRYPT32.dll
0x00007ffd10df0000 - 0x00007ffd10e02000 	C:\WINDOWS\System32\MSASN1.dll
0x00007ffcea340000 - 0x00007ffcea3dd000 	C:\Users\hory9\Documents\GitHub\mp-speech-analysis\Projevy-web_to_DB\morphodita_java.dll
0x00007ffd0f5f0000 - 0x00007ffd0f7dd000 	C:\WINDOWS\SYSTEM32\dbghelp.dll

VM Arguments:
jvm_args: -agentlib:jdwp=transport=dt_socket,address=127.0.0.1:58564,suspend=y,server=n -javaagent:C:\Users\hory9\.IntelliJIdea2019.3\system\captureAgent\debugger-agent.jar -Dfile.encoding=UTF-8 
java_command: creator.SlovoCreator
java_class_path (initial): C:\Program Files\Java\jdk1.8.0_131\jre\lib\charsets.jar;C:\Program Files\Java\jdk1.8.0_131\jre\lib\deploy.jar;C:\Program Files\Java\jdk1.8.0_131\jre\lib\ext\access-bridge-64.jar;C:\Program Files\Java\jdk1.8.0_131\jre\lib\ext\cldrdata.jar;C:\Program Files\Java\jdk1.8.0_131\jre\lib\ext\dnsns.jar;C:\Program Files\Java\jdk1.8.0_131\jre\lib\ext\jaccess.jar;C:\Program Files\Java\jdk1.8.0_131\jre\lib\ext\jfxrt.jar;C:\Program Files\Java\jdk1.8.0_131\jre\lib\ext\localedata.jar;C:\Program Files\Java\jdk1.8.0_131\jre\lib\ext\nashorn.jar;C:\Program Files\Java\jdk1.8.0_131\jre\lib\ext\sunec.jar;C:\Program Files\Java\jdk1.8.0_131\jre\lib\ext\sunjce_provider.jar;C:\Program Files\Java\jdk1.8.0_131\jre\lib\ext\sunmscapi.jar;C:\Program Files\Java\jdk1.8.0_131\jre\lib\ext\sunpkcs11.jar;C:\Program Files\Java\jdk1.8.0_131\jre\lib\ext\zipfs.jar;C:\Program Files\Java\jdk1.8.0_131\jre\lib\javaws.jar;C:\Program Files\Java\jdk1.8.0_131\jre\lib\jce.jar;C:\Program Files\Java\jdk1.8.0_131\jre\lib\jfr.jar;C:\Program Files\Java\jdk1.8.0_131\jre\lib\jfxswt.jar;C:\Program Files\Java\jdk1.8.0_131\jre\lib\jsse.jar;C:\Program Files\Java\jdk1.8.0_131\jre\lib\management-agent.jar;C:\Program Files\Java\jdk1.8.0_131\jre\lib\plugin.jar;C:\Program Files\Java\jdk1.8.0_131\jre\lib\resources.jar;C:\Program Files\Java\jdk1.8.0_131\jre\lib\rt.jar;C:\Users\hory9\Documents\GitHub\mp-speech-analysis\Projevy-web_to_DB\out\production\Projevy-web_to_DB;C:\Users\hory9\Documents\GitHub\mp-speech-analysis\Projevy-web_to_DB\lib\javax.persistence.jar;C:\Users\hory9\Documents\GitHub\mp-speech-analysis\Projevy-web_to_DB\lib\hibernate-entitymanager-5.4.10.Final.jar;C:\Users\hory9\Documents\GitHub\mp-speech-analysis\Projevy-web_to_DB\lib\jboss-logging-3.3.2.Final.jar;C:\Users\hory9\Documents\GitHub\mp-speech-analysis\Projevy-web_to_DB\lib\hibernate-core-5.4.10.Final.jar;C:\Users\hory9\Documents\GitHub\mp-speech-analysis\Projevy-web_to_DB\lib\javassist-3.24.0-GA.jar;C:\Users\hory9\Documents\GitHub\m
Launcher Type: SUN_STANDARD

Environment Variables:
PATH=C:\Windows\system32;C:\Windows;C:\Windows\System32\Wbem;C:\Windows\System32\WindowsPowerShell\v1.0\;C:\Program Files\PuTTY\;C:\Program Files (x86)\NVIDIA Corporation\PhysX\Common;C:\WINDOWS\system32;C:\WINDOWS;C:\WINDOWS\System32\Wbem;C:\WINDOWS\System32\WindowsPowerShell\v1.0\;C:\Program Files\CMake\bin;C:\Program Files\Java\jdk1.8.0_131\bin;C:\adb;C:\WINDOWS\system32;C:\WINDOWS;C:\WINDOWS\System32\Wbem;C:\WINDOWS\System32\WindowsPowerShell\v1.0\;C:\WINDOWS\System32\OpenSSH\;C:\Program Files\TortoiseSVN\bin;C:\Android;C:\Program Files\NVIDIA Corporation\NVIDIA NvDLISR;C:\Program Files (x86)\Wolfram Research\WolframScript\;C:\Program Files (x86)\Yarn\bin\;C:\Program Files\nodejs\;C:\Program Files\Git\cmd;C:\Program Files\Java\jdk1.8.0_131\bin;C:\Users\hory9\AppData\Local\Microsoft\WindowsApps;C:\Users\hory9\AppData\Local\Programs\Microsoft VS Code\bin;C:\Users\hory9\AppData\Local\Yarn\bin;C:\Users\hory9\AppData\Roaming\npm;C:\Users\hory9\AppData\Local\GitHubDesktop\bin;C:\MinGW\bin;
USERNAME=hory9
OS=Windows_NT
PROCESSOR_IDENTIFIER=Intel64 Family 6 Model 94 Stepping 3, GenuineIntel



---------------  S Y S T E M  ---------------

OS: Windows 10.0 , 64 bit Build 17763 (10.0.17763.475)

CPU:total 4 (initial active 4) (4 cores per cpu, 1 threads per core) family 6 model 94 stepping 3, cmov, cx8, fxsr, mmx, sse, sse2, sse3, ssse3, sse4.1, sse4.2, popcnt, avx, avx2, aes, clmul, erms, rtm, 3dnowpref, lzcnt, tsc, tscinvbit, bmi1, bmi2, adx

Memory: 4k page, physical 16700132k(6582360k free), swap 33400264k(9871432k free)

vm_info: Java HotSpot(TM) 64-Bit Server VM (25.131-b11) for windows-amd64 JRE (1.8.0_131-b11), built on Mar 15 2017 01:23:53 by "java_re" with MS VC++ 10.0 (VS2010)

time: Wed Feb 19 01:12:01 2020
elapsed time: 385 seconds (0d 0h 6m 25s)

